<?xml version="1.0" encoding="UTF-8"?>
<!-- Generated by org.testng.reporters.JUnitReportReporter -->
<testsuite hostname="DESKTOP-640T3I7" failures="0" tests="2" name="cucumber.TestNGTestRunner" time="20.098" errors="0" timestamp="2024-07-29T17:17:37 WIB" skipped="0">
  <testcase classname="cucumber.TestNGTestRunner" name="runScenario" time="8.295"/>
  <testcase classname="cucumber.TestNGTestRunner" name="runScenario" time="11.803"/>
</testsuite> <!-- cucumber.TestNGTestRunner -->
