<?xml version="1.0" encoding="UTF-8"?>
<!-- Generated by org.testng.reporters.JUnitReportReporter -->
<testsuite hostname="DESKTOP-640T3I7" failures="0" tests="3" name="FwProjectParent.SubmitOrderTest2" time="41.147" errors="0" timestamp="2024-07-28T16:31:41 WIB" skipped="0">
  <testcase classname="FwProjectParent.SubmitOrderTest2" name="orderHistoryTest" time="6.613"/>
  <testcase classname="FwProjectParent.SubmitOrderTest2" name="submitOrder" time="18.032"/>
  <testcase classname="FwProjectParent.SubmitOrderTest2" name="submitOrder" time="16.502"/>
</testsuite> <!-- FwProjectParent.SubmitOrderTest2 -->
