<?xml version="1.0" encoding="UTF-8"?>
<!-- Generated by org.testng.reporters.JUnitReportReporter -->
<testsuite hostname="DESKTOP-640T3I7" failures="0" tests="2" name="FwProjectParent.SubmitOrderTest" time="32.867" errors="0" timestamp="2024-07-25T23:05:32 WIB" skipped="0">
  <testcase classname="FwProjectParent.SubmitOrderTest" name="submitOrder" time="14.227"/>
  <testcase classname="FwProjectParent.SubmitOrderTest" name="submitOrder" time="18.640"/>
</testsuite> <!-- FwProjectParent.SubmitOrderTest -->
