<?xml version="1.0" encoding="UTF-8"?>
<!-- Generated by org.testng.reporters.JUnitReportReporter -->
<testsuite hostname="DESKTOP-640T3I7" failures="0" tests="3" name="FwProjectParent.SubmitOrderTest2" time="43.197" errors="0" timestamp="2024-07-28T16:42:48 WIB" skipped="0">
  <testcase classname="FwProjectParent.SubmitOrderTest2" name="submitOrder" time="19.315"/>
  <testcase classname="FwProjectParent.SubmitOrderTest2" name="submitOrder" time="16.929"/>
  <testcase classname="FwProjectParent.SubmitOrderTest2" name="orderHistoryTest" time="6.953"/>
</testsuite> <!-- FwProjectParent.SubmitOrderTest2 -->
